<?xml version="1.0" encoding="UTF-8"?>
<!-- Generated by org.testng.reporters.JUnitReportReporter -->
<testsuite hostname="Albert-Louca" failures="0" tests="1" name="com.packt.tests.verifyDisclaimer" time="4.308" errors="0" timestamp="2024-08-07T18:28:35 EEST" skipped="0">
  <testcase classname="com.packt.tests.verifyDisclaimer" name="verifyDisclaimer" time="4.308"/>
</testsuite> <!-- com.packt.tests.verifyDisclaimer -->
